2016-05-24 23:45:16 INFO  ContextLoader:307 - Root WebApplicationContext: initialization started
2016-05-24 23:45:16 INFO  XmlWebApplicationContext:578 - Refreshing Root WebApplicationContext: startup date [Tue May 24 23:45:16 MSK 2016]; root of context hierarchy
2016-05-24 23:45:16 INFO  XmlBeanDefinitionReader:317 - Loading XML bean definitions from ServletContext resource [/WEB-INF/spring/application-context.xml]
2016-05-24 23:45:16 INFO  XmlBeanDefinitionReader:317 - Loading XML bean definitions from URL [jar:file:/C:/MyProjects/SpringProject/SpringProject/public/target/SpringProject/WEB-INF/lib/core-1.0-SNAPSHOT.jar!/spring-core.xml]
2016-05-24 23:45:16 INFO  XmlBeanDefinitionReader:317 - Loading XML bean definitions from URL [jar:file:/C:/MyProjects/SpringProject/SpringProject/public/target/SpringProject/WEB-INF/lib/core-1.0-SNAPSHOT.jar!/spring-jpa.xml]
2016-05-24 23:45:17 INFO  XmlBeanDefinitionReader:317 - Loading XML bean definitions from ServletContext resource [/WEB-INF/spring/spring-security.xml]
2016-05-24 23:45:17 INFO  SpringSecurityCoreVersion:49 - You are running with Spring Security Core 3.2.0.RELEASE
2016-05-24 23:45:17 INFO  SecurityNamespaceHandler:75 - Spring Security 'config' module version is 3.2.0.RELEASE
2016-05-24 23:45:17 INFO  FilterInvocationSecurityMetadataSourceParser:134 - Creating access control expression attribute 'hasAnyRole('ROLE_USER','ROLE_ADMIN')' for /cabinet**
2016-05-24 23:45:17 INFO  FilterInvocationSecurityMetadataSourceParser:134 - Creating access control expression attribute 'hasRole('ROLE_ADMIN')' for /admin**
2016-05-24 23:45:17 INFO  FilterInvocationSecurityMetadataSourceParser:134 - Creating access control expression attribute 'hasAnyRole('ROLE_USER','ROLE_ADMIN')' for /write-review**
2016-05-24 23:45:17 INFO  HttpSecurityBeanDefinitionParser:266 - Checking sorted filter chain: [Root bean: class [org.springframework.security.web.context.SecurityContextPersistenceFilter]; scope=; abstract=false; lazyInit=false; autowireMode=0; dependencyCheck=0; autowireCandidate=true; primary=false; factoryBeanName=null; factoryMethodName=null; initMethodName=null; destroyMethodName=null, order = 200, Root bean: class [org.springframework.security.web.context.request.async.WebAsyncManagerIntegrationFilter]; scope=; abstract=false; lazyInit=false; autowireMode=0; dependencyCheck=0; autowireCandidate=true; primary=false; factoryBeanName=null; factoryMethodName=null; initMethodName=null; destroyMethodName=null, order = 400, Root bean: class [org.springframework.security.web.authentication.logout.LogoutFilter]; scope=; abstract=false; lazyInit=false; autowireMode=0; dependencyCheck=0; autowireCandidate=true; primary=false; factoryBeanName=null; factoryMethodName=null; initMethodName=null; destroyMethodName=null, order = 700, <org.springframework.security.web.authentication.UsernamePasswordAuthenticationFilter#0>, order = 1100, Root bean: class [org.springframework.security.web.authentication.www.BasicAuthenticationFilter]; scope=; abstract=false; lazyInit=false; autowireMode=0; dependencyCheck=0; autowireCandidate=true; primary=false; factoryBeanName=null; factoryMethodName=null; initMethodName=null; destroyMethodName=null, order = 1500, Root bean: class [org.springframework.security.web.savedrequest.RequestCacheAwareFilter]; scope=; abstract=false; lazyInit=false; autowireMode=0; dependencyCheck=0; autowireCandidate=true; primary=false; factoryBeanName=null; factoryMethodName=null; initMethodName=null; destroyMethodName=null, order = 1600, Root bean: class [org.springframework.security.web.servletapi.SecurityContextHolderAwareRequestFilter]; scope=; abstract=false; lazyInit=false; autowireMode=0; dependencyCheck=0; autowireCandidate=true; primary=false; factoryBeanName=null; factoryMethodName=null; initMethodName=null; destroyMethodName=null, order = 1700, Root bean: class [org.springframework.security.web.authentication.rememberme.RememberMeAuthenticationFilter]; scope=; abstract=false; lazyInit=false; autowireMode=0; dependencyCheck=0; autowireCandidate=true; primary=false; factoryBeanName=null; factoryMethodName=null; initMethodName=null; destroyMethodName=null, order = 1900, Root bean: class [org.springframework.security.web.authentication.AnonymousAuthenticationFilter]; scope=; abstract=false; lazyInit=false; autowireMode=0; dependencyCheck=0; autowireCandidate=true; primary=false; factoryBeanName=null; factoryMethodName=null; initMethodName=null; destroyMethodName=null, order = 2000, Root bean: class [org.springframework.security.web.session.SessionManagementFilter]; scope=; abstract=false; lazyInit=false; autowireMode=0; dependencyCheck=0; autowireCandidate=true; primary=false; factoryBeanName=null; factoryMethodName=null; initMethodName=null; destroyMethodName=null, order = 2100, Root bean: class [org.springframework.security.web.access.ExceptionTranslationFilter]; scope=; abstract=false; lazyInit=false; autowireMode=0; dependencyCheck=0; autowireCandidate=true; primary=false; factoryBeanName=null; factoryMethodName=null; initMethodName=null; destroyMethodName=null, order = 2200, <org.springframework.security.web.access.intercept.FilterSecurityInterceptor#0>, order = 2300]
2016-05-24 23:45:17 INFO  PropertyPlaceholderConfigurer:172 - Loading properties file from class path resource [jdbc.properties]
2016-05-24 23:45:18 INFO  LocalContainerEntityManagerFactoryBean:339 - Building JPA container EntityManagerFactory for persistence unit 'default'
2016-05-24 23:45:18 INFO  LogHelper:46 - HHH000204: Processing PersistenceUnitInfo [
	name: default
	...]
2016-05-24 23:45:19 INFO  Version:54 - HHH000412: Hibernate Core {4.3.6.Final}
2016-05-24 23:45:19 INFO  Environment:239 - HHH000206: hibernate.properties not found
2016-05-24 23:45:19 INFO  Environment:346 - HHH000021: Bytecode provider name : javassist
2016-05-24 23:45:19 INFO  Version:66 - HCANN000001: Hibernate Commons Annotations {4.0.4.Final}
2016-05-24 23:45:20 INFO  Dialect:145 - HHH000400: Using dialect: org.hibernate.dialect.PostgreSQL9Dialect
2016-05-24 23:45:20 INFO  LobCreatorBuilder:123 - HHH000424: Disabling contextual LOB creation as createClob() method threw error : java.lang.reflect.InvocationTargetException
2016-05-24 23:45:20 INFO  ASTQueryTranslatorFactory:47 - HHH000397: Using ASTQueryTranslatorFactory
2016-05-24 23:45:21 INFO  Version:17 - HV000001: Hibernate Validator 5.2.2.Final
2016-05-24 23:45:24 INFO  DefaultSecurityFilterChain:28 - Creating filter chain: Ant [pattern='/resources/**'], []
2016-05-24 23:45:24 INFO  DefaultSecurityFilterChain:28 - Creating filter chain: org.springframework.security.web.util.matcher.AnyRequestMatcher@1, [org.springframework.security.web.context.SecurityContextPersistenceFilter@5ecc4e4a, org.springframework.security.web.context.request.async.WebAsyncManagerIntegrationFilter@4a343699, org.springframework.security.web.authentication.logout.LogoutFilter@761a177b, org.springframework.security.web.authentication.UsernamePasswordAuthenticationFilter@6994e1ab, org.springframework.security.web.authentication.www.BasicAuthenticationFilter@55964ccd, org.springframework.security.web.savedrequest.RequestCacheAwareFilter@3efd2818, org.springframework.security.web.servletapi.SecurityContextHolderAwareRequestFilter@18fa4173, org.springframework.security.web.authentication.rememberme.RememberMeAuthenticationFilter@56ad727e, org.springframework.security.web.authentication.AnonymousAuthenticationFilter@313aac42, org.springframework.security.web.session.SessionManagementFilter@6650ff95, org.springframework.security.web.access.ExceptionTranslationFilter@2cebcbf5, org.springframework.security.web.access.intercept.FilterSecurityInterceptor@11e86294]
2016-05-24 23:45:24 INFO  DefaultFilterChainValidator:124 - Checking whether login URL '/login' is accessible with your configuration
2016-05-24 23:45:25 INFO  ContextLoader:347 - Root WebApplicationContext: initialization completed in 8969 ms
2016-05-24 23:45:25 INFO  DispatcherServlet:489 - FrameworkServlet 'mvc-dispatcher': initialization started
2016-05-24 23:45:25 INFO  XmlWebApplicationContext:578 - Refreshing WebApplicationContext for namespace 'mvc-dispatcher-servlet': startup date [Tue May 24 23:45:25 MSK 2016]; parent: Root WebApplicationContext
2016-05-24 23:45:25 INFO  XmlBeanDefinitionReader:317 - Loading XML bean definitions from ServletContext resource [/WEB-INF/mvc-dispatcher-servlet.xml]
2016-05-24 23:45:25 INFO  XmlBeanDefinitionReader:317 - Loading XML bean definitions from ServletContext resource [/WEB-INF/spring/spring-aop.xml]
2016-05-24 23:45:25 INFO  XmlBeanDefinitionReader:317 - Loading XML bean definitions from ServletContext resource [/WEB-INF/spring/application-context.xml]
2016-05-24 23:45:25 INFO  XmlBeanDefinitionReader:317 - Loading XML bean definitions from URL [jar:file:/C:/MyProjects/SpringProject/SpringProject/public/target/SpringProject/WEB-INF/lib/core-1.0-SNAPSHOT.jar!/spring-core.xml]
2016-05-24 23:45:25 INFO  XmlBeanDefinitionReader:317 - Loading XML bean definitions from URL [jar:file:/C:/MyProjects/SpringProject/SpringProject/public/target/SpringProject/WEB-INF/lib/core-1.0-SNAPSHOT.jar!/spring-jpa.xml]
2016-05-24 23:45:25 INFO  XmlBeanDefinitionReader:317 - Loading XML bean definitions from ServletContext resource [/WEB-INF/spring/spring-security.xml]
2016-05-24 23:45:25 INFO  SecurityNamespaceHandler:75 - Spring Security 'config' module version is 3.2.0.RELEASE
2016-05-24 23:45:25 INFO  FilterInvocationSecurityMetadataSourceParser:134 - Creating access control expression attribute 'hasAnyRole('ROLE_USER','ROLE_ADMIN')' for /cabinet**
2016-05-24 23:45:25 INFO  FilterInvocationSecurityMetadataSourceParser:134 - Creating access control expression attribute 'hasRole('ROLE_ADMIN')' for /admin**
2016-05-24 23:45:25 INFO  FilterInvocationSecurityMetadataSourceParser:134 - Creating access control expression attribute 'hasAnyRole('ROLE_USER','ROLE_ADMIN')' for /write-review**
2016-05-24 23:45:25 INFO  HttpSecurityBeanDefinitionParser:266 - Checking sorted filter chain: [Root bean: class [org.springframework.security.web.context.SecurityContextPersistenceFilter]; scope=; abstract=false; lazyInit=false; autowireMode=0; dependencyCheck=0; autowireCandidate=true; primary=false; factoryBeanName=null; factoryMethodName=null; initMethodName=null; destroyMethodName=null, order = 200, Root bean: class [org.springframework.security.web.context.request.async.WebAsyncManagerIntegrationFilter]; scope=; abstract=false; lazyInit=false; autowireMode=0; dependencyCheck=0; autowireCandidate=true; primary=false; factoryBeanName=null; factoryMethodName=null; initMethodName=null; destroyMethodName=null, order = 400, Root bean: class [org.springframework.security.web.authentication.logout.LogoutFilter]; scope=; abstract=false; lazyInit=false; autowireMode=0; dependencyCheck=0; autowireCandidate=true; primary=false; factoryBeanName=null; factoryMethodName=null; initMethodName=null; destroyMethodName=null, order = 700, <org.springframework.security.web.authentication.UsernamePasswordAuthenticationFilter#0>, order = 1100, Root bean: class [org.springframework.security.web.authentication.www.BasicAuthenticationFilter]; scope=; abstract=false; lazyInit=false; autowireMode=0; dependencyCheck=0; autowireCandidate=true; primary=false; factoryBeanName=null; factoryMethodName=null; initMethodName=null; destroyMethodName=null, order = 1500, Root bean: class [org.springframework.security.web.savedrequest.RequestCacheAwareFilter]; scope=; abstract=false; lazyInit=false; autowireMode=0; dependencyCheck=0; autowireCandidate=true; primary=false; factoryBeanName=null; factoryMethodName=null; initMethodName=null; destroyMethodName=null, order = 1600, Root bean: class [org.springframework.security.web.servletapi.SecurityContextHolderAwareRequestFilter]; scope=; abstract=false; lazyInit=false; autowireMode=0; dependencyCheck=0; autowireCandidate=true; primary=false; factoryBeanName=null; factoryMethodName=null; initMethodName=null; destroyMethodName=null, order = 1700, Root bean: class [org.springframework.security.web.authentication.rememberme.RememberMeAuthenticationFilter]; scope=; abstract=false; lazyInit=false; autowireMode=0; dependencyCheck=0; autowireCandidate=true; primary=false; factoryBeanName=null; factoryMethodName=null; initMethodName=null; destroyMethodName=null, order = 1900, Root bean: class [org.springframework.security.web.authentication.AnonymousAuthenticationFilter]; scope=; abstract=false; lazyInit=false; autowireMode=0; dependencyCheck=0; autowireCandidate=true; primary=false; factoryBeanName=null; factoryMethodName=null; initMethodName=null; destroyMethodName=null, order = 2000, Root bean: class [org.springframework.security.web.session.SessionManagementFilter]; scope=; abstract=false; lazyInit=false; autowireMode=0; dependencyCheck=0; autowireCandidate=true; primary=false; factoryBeanName=null; factoryMethodName=null; initMethodName=null; destroyMethodName=null, order = 2100, Root bean: class [org.springframework.security.web.access.ExceptionTranslationFilter]; scope=; abstract=false; lazyInit=false; autowireMode=0; dependencyCheck=0; autowireCandidate=true; primary=false; factoryBeanName=null; factoryMethodName=null; initMethodName=null; destroyMethodName=null, order = 2200, <org.springframework.security.web.access.intercept.FilterSecurityInterceptor#0>, order = 2300]
2016-05-24 23:45:25 INFO  PropertyPlaceholderConfigurer:172 - Loading properties file from class path resource [jdbc.properties]
2016-05-24 23:45:26 INFO  LocalContainerEntityManagerFactoryBean:339 - Building JPA container EntityManagerFactory for persistence unit 'default'
2016-05-24 23:45:26 INFO  LogHelper:46 - HHH000204: Processing PersistenceUnitInfo [
	name: default
	...]
2016-05-24 23:45:27 INFO  Dialect:145 - HHH000400: Using dialect: org.hibernate.dialect.PostgreSQL9Dialect
2016-05-24 23:45:27 INFO  LobCreatorBuilder:123 - HHH000424: Disabling contextual LOB creation as createClob() method threw error : java.lang.reflect.InvocationTargetException
2016-05-24 23:45:27 INFO  ASTQueryTranslatorFactory:47 - HHH000397: Using ASTQueryTranslatorFactory
2016-05-24 23:45:27 WARN  EntityManagerFactoryRegistry:80 - HHH000436: Entity manager factory name (default) is already registered.  If entity manager will be clustered or passivated, specify a unique value for property 'hibernate.ejb.entitymanager_factory_name'
2016-05-24 23:45:29 INFO  DefaultSecurityFilterChain:28 - Creating filter chain: Ant [pattern='/resources/**'], []
2016-05-24 23:45:29 INFO  DefaultSecurityFilterChain:28 - Creating filter chain: org.springframework.security.web.util.matcher.AnyRequestMatcher@1, [org.springframework.security.web.context.SecurityContextPersistenceFilter@10840296, org.springframework.security.web.context.request.async.WebAsyncManagerIntegrationFilter@5f57d4ff, org.springframework.security.web.authentication.logout.LogoutFilter@65fa9f7f, org.springframework.security.web.authentication.UsernamePasswordAuthenticationFilter@283a1c18, org.springframework.security.web.authentication.www.BasicAuthenticationFilter@189a3b3b, org.springframework.security.web.savedrequest.RequestCacheAwareFilter@790be4fb, org.springframework.security.web.servletapi.SecurityContextHolderAwareRequestFilter@48bb8dc2, org.springframework.security.web.authentication.rememberme.RememberMeAuthenticationFilter@30999211, org.springframework.security.web.authentication.AnonymousAuthenticationFilter@791334da, org.springframework.security.web.session.SessionManagementFilter@5f193b3f, org.springframework.security.web.access.ExceptionTranslationFilter@4bd86883, org.springframework.security.web.access.intercept.FilterSecurityInterceptor@372d62f3]
2016-05-24 23:45:29 INFO  DefaultFilterChainValidator:124 - Checking whether login URL '/login' is accessible with your configuration
2016-05-24 23:45:30 INFO  RequestMappingHandlerMapping:527 - Mapped "{[/admin/sale/addToCategory],methods=[POST]}" onto public java.lang.String com.springapp.mvc.controllers.AdminController.addSaleToCategory(java.lang.String,java.lang.Integer,java.lang.String)
2016-05-24 23:45:30 INFO  RequestMappingHandlerMapping:527 - Mapped "{[/admin],methods=[GET]}" onto public java.lang.String com.springapp.mvc.controllers.AdminController.renderCabinetPage()
2016-05-24 23:45:30 INFO  RequestMappingHandlerMapping:527 - Mapped "{[/admin/sale/add],methods=[POST]}" onto public java.lang.String com.springapp.mvc.controllers.AdminController.addSale(java.lang.String,java.lang.Integer,java.lang.String)
2016-05-24 23:45:30 INFO  RequestMappingHandlerMapping:527 - Mapped "{[/cabinet],methods=[GET]}" onto public java.lang.String com.springapp.mvc.controllers.CabinetController.renderCabinetPage()
2016-05-24 23:45:30 INFO  RequestMappingHandlerMapping:527 - Mapped "{[/cart/add],methods=[POST]}" onto public java.lang.String com.springapp.mvc.controllers.CartController.addInCart(java.lang.Long,org.springframework.ui.Model)
2016-05-24 23:45:30 INFO  RequestMappingHandlerMapping:527 - Mapped "{[/cart]}" onto public java.lang.String com.springapp.mvc.controllers.CartController.renderCart()
2016-05-24 23:45:30 INFO  RequestMappingHandlerMapping:527 - Mapped "{[/catalog/{id}],methods=[GET]}" onto public java.lang.String com.springapp.mvc.controllers.CatalogController.renderCatalog(java.lang.Long,org.springframework.ui.Model)
2016-05-24 23:45:30 INFO  RequestMappingHandlerMapping:527 - Mapped "{[/catalog],methods=[GET || POST]}" onto public java.lang.String com.springapp.mvc.controllers.CatalogController.mainCatalog(javax.servlet.http.HttpServletRequest)
2016-05-24 23:45:30 INFO  RequestMappingHandlerMapping:527 - Mapped "{[/cart/checkout],methods=[GET]}" onto public java.lang.String com.springapp.mvc.controllers.CheckoutController.renderCheckoutPage()
2016-05-24 23:45:30 INFO  RequestMappingHandlerMapping:527 - Mapped "{[/cart/interval],methods=[POST]}" onto public java.lang.String com.springapp.mvc.controllers.CheckoutController.intervalMethod(java.lang.String,java.lang.String)
2016-05-24 23:45:30 INFO  RequestMappingHandlerMapping:527 - Mapped "{[/cart/checkout],methods=[POST]}" onto public java.lang.String com.springapp.mvc.controllers.CheckoutController.CheckoutForm(com.springapp.mvc.form.CheckoutFormBean,org.springframework.validation.BindingResult,java.lang.String,java.lang.String,java.lang.String,java.lang.String,java.lang.String,java.lang.String)
2016-05-24 23:45:30 INFO  RequestMappingHandlerMapping:527 - Mapped "{[/order],methods=[POST]}" onto public java.lang.String com.springapp.mvc.controllers.CheckoutController.OrderForm()
2016-05-24 23:45:30 INFO  RequestMappingHandlerMapping:527 - Mapped "{[/error-404],methods=[GET]}" onto public java.lang.String com.springapp.mvc.controllers.errorHandlers.ErrorController.render404ErrorPage()
2016-05-24 23:45:30 INFO  RequestMappingHandlerMapping:527 - Mapped "{[/error-403],methods=[GET]}" onto public java.lang.String com.springapp.mvc.controllers.errorHandlers.ErrorController.render403ErrorPage()
2016-05-24 23:45:30 INFO  RequestMappingHandlerMapping:527 - Mapped "{[/error-500],methods=[GET]}" onto public java.lang.String com.springapp.mvc.controllers.errorHandlers.ErrorController.render500ErrorPage()
2016-05-24 23:45:30 INFO  RequestMappingHandlerMapping:527 - Mapped "{[/feedback],methods=[GET]}" onto public java.lang.String com.springapp.mvc.controllers.FeedbackController.renderFeedbackPage()
2016-05-24 23:45:30 INFO  RequestMappingHandlerMapping:527 - Mapped "{[/feedback],methods=[POST]}" onto public java.lang.String com.springapp.mvc.controllers.FeedbackController.feedbackForm(com.springapp.mvc.form.FeedbackFormBean,org.springframework.validation.BindingResult)
2016-05-24 23:45:30 INFO  RequestMappingHandlerMapping:527 - Mapped "{[/good/showMore],methods=[POST]}" onto public java.lang.String com.springapp.mvc.controllers.GoodController.renderComments(java.lang.Long,org.springframework.ui.Model)
2016-05-24 23:45:30 INFO  RequestMappingHandlerMapping:527 - Mapped "{[/good/{id}],methods=[GET]}" onto public java.lang.String com.springapp.mvc.controllers.GoodController.renderGoodPage(java.lang.Long)
2016-05-24 23:45:30 INFO  RequestMappingHandlerMapping:527 - Mapped "{[/login],methods=[GET]}" onto public java.lang.String com.springapp.mvc.controllers.LoginController.renderLoginPage(java.lang.Boolean)
2016-05-24 23:45:30 INFO  RequestMappingHandlerMapping:527 - Mapped "{[/],methods=[GET]}" onto public java.lang.String com.springapp.mvc.controllers.MainController.renderMain(org.springframework.ui.ModelMap)
2016-05-24 23:45:30 INFO  RequestMappingHandlerMapping:527 - Mapped "{[/reg],methods=[GET]}" onto public java.lang.String com.springapp.mvc.controllers.RegistrationController.renderRegistrationPage()
2016-05-24 23:45:30 INFO  RequestMappingHandlerMapping:527 - Mapped "{[/reg],methods=[POST]}" onto public java.lang.String com.springapp.mvc.controllers.RegistrationController.registrationForm(com.springapp.mvc.form.RegistrationFormBean,org.springframework.validation.BindingResult,org.springframework.ui.Model)
2016-05-24 23:45:30 INFO  RequestMappingHandlerMapping:527 - Mapped "{[/reg/activate],methods=[GET]}" onto public java.lang.String com.springapp.mvc.controllers.RegistrationController.activateUser(java.lang.Long)
2016-05-24 23:45:30 INFO  RequestMappingHandlerMapping:527 - Mapped "{[/write-review],methods=[POST]}" onto public java.lang.String com.springapp.mvc.controllers.ReviewController.reviewForm(com.springapp.mvc.form.ReviewFormBean,org.springframework.validation.BindingResult,java.lang.Long)
2016-05-24 23:45:30 INFO  RequestMappingHandlerMapping:527 - Mapped "{[/write-review],methods=[GET]}" onto public java.lang.String com.springapp.mvc.controllers.ReviewController.renderReviewPage(java.lang.Long)
2016-05-24 23:45:30 INFO  RequestMappingHandlerMapping:527 - Mapped "{[/wishlist/add],methods=[POST]}" onto public java.lang.String com.springapp.mvc.controllers.WishlistController.addInWishlist(java.lang.Long,org.springframework.ui.Model)
2016-05-24 23:45:30 INFO  RequestMappingHandlerMapping:527 - Mapped "{[/wishlist],methods=[GET]}" onto public java.lang.String com.springapp.mvc.controllers.WishlistController.renderWishlist()
2016-05-24 23:45:31 INFO  RequestMappingHandlerAdapter:532 - Looking for @ControllerAdvice: WebApplicationContext for namespace 'mvc-dispatcher-servlet': startup date [Tue May 24 23:45:25 MSK 2016]; parent: Root WebApplicationContext
2016-05-24 23:45:32 INFO  RequestMappingHandlerAdapter:532 - Looking for @ControllerAdvice: WebApplicationContext for namespace 'mvc-dispatcher-servlet': startup date [Tue May 24 23:45:25 MSK 2016]; parent: Root WebApplicationContext
2016-05-24 23:45:32 INFO  ExceptionHandlerExceptionResolver:267 - Detected @ExceptionHandler methods in adviceController
2016-05-24 23:45:32 INFO  SimpleUrlHandlerMapping:341 - Mapped URL path [/resources/**] onto handler 'org.springframework.web.servlet.resource.ResourceHttpRequestHandler#0'
2016-05-24 23:45:32 INFO  FreeMarkerConfigurer:127 - ClassTemplateLoader for Spring macros added to FreeMarker configuration
2016-05-24 23:45:33 INFO  DispatcherServlet:508 - FrameworkServlet 'mvc-dispatcher': initialization completed in 8216 ms
2016-05-24 23:46:54 INFO  LogAspect:34 - Register a new user  with login : KKK@MAIL.ru
2016-05-25 00:43:11 INFO  XmlWebApplicationContext:960 - Closing WebApplicationContext for namespace 'mvc-dispatcher-servlet': startup date [Tue May 24 23:45:25 MSK 2016]; parent: Root WebApplicationContext
2016-05-25 00:43:11 INFO  LocalContainerEntityManagerFactoryBean:462 - Closing JPA EntityManagerFactory for persistence unit 'default'
2016-05-25 00:43:11 INFO  XmlWebApplicationContext:960 - Closing Root WebApplicationContext: startup date [Tue May 24 23:45:16 MSK 2016]; root of context hierarchy
2016-05-25 00:43:11 INFO  LocalContainerEntityManagerFactoryBean:462 - Closing JPA EntityManagerFactory for persistence unit 'default'
